0 info it worked if it ends with ok
1 verbose cli [ '/usr/local/bin/node',
1 verbose cli   '/usr/local/bin/npm',
1 verbose cli   'install',
1 verbose cli   '--save',
1 verbose cli   '-dev',
1 verbose cli   'gulp-ruby-scss' ]
2 info using npm@1.4.3
3 info using node@v0.10.26
4 verbose readDependencies using package.json deps
5 verbose cache add [ 'gulp-ruby-scss', null ]
6 verbose cache add name=undefined spec="gulp-ruby-scss" args=["gulp-ruby-scss",null]
7 verbose parsed url { protocol: null,
7 verbose parsed url   slashes: null,
7 verbose parsed url   auth: null,
7 verbose parsed url   host: null,
7 verbose parsed url   port: null,
7 verbose parsed url   hostname: null,
7 verbose parsed url   hash: null,
7 verbose parsed url   search: null,
7 verbose parsed url   query: null,
7 verbose parsed url   pathname: 'gulp-ruby-scss',
7 verbose parsed url   path: 'gulp-ruby-scss',
7 verbose parsed url   href: 'gulp-ruby-scss' }
8 silly lockFile 4cf2204f-gulp-ruby-scss gulp-ruby-scss
9 verbose lock gulp-ruby-scss /Users/williamjohnson/.npm/4cf2204f-gulp-ruby-scss.lock
10 silly lockFile 4cf2204f-gulp-ruby-scss gulp-ruby-scss
11 silly lockFile 4cf2204f-gulp-ruby-scss gulp-ruby-scss
12 verbose addNamed [ 'gulp-ruby-scss', '' ]
13 verbose addNamed [ null, '*' ]
14 silly lockFile 0ba22e95-gulp-ruby-scss gulp-ruby-scss@
15 verbose lock gulp-ruby-scss@ /Users/williamjohnson/.npm/0ba22e95-gulp-ruby-scss.lock
16 silly addNameRange { name: 'gulp-ruby-scss', range: '*', hasData: false }
17 verbose url raw gulp-ruby-scss
18 verbose url resolving [ 'https://registry.npmjs.org/', './gulp-ruby-scss' ]
19 verbose url resolved https://registry.npmjs.org/gulp-ruby-scss
20 info trying registry request attempt 1 at 17:56:21
21 http GET https://registry.npmjs.org/gulp-ruby-scss
22 http 404 https://registry.npmjs.org/gulp-ruby-scss
23 silly registry.get cb [ 404,
23 silly registry.get   { date: 'Wed, 08 Oct 2014 00:56:22 GMT',
23 silly registry.get     server: 'CouchDB/1.5.0 (Erlang OTP/R16B03)',
23 silly registry.get     'content-type': 'application/json',
23 silly registry.get     'cache-control': 'max-age=0',
23 silly registry.get     'content-length': '52',
23 silly registry.get     'accept-ranges': 'bytes',
23 silly registry.get     via: '1.1 varnish',
23 silly registry.get     age: '0',
23 silly registry.get     'x-served-by': 'cache-sjc3127-SJC',
23 silly registry.get     'x-cache': 'MISS',
23 silly registry.get     'x-cache-hits': '0',
23 silly registry.get     'x-timer': 'S1412729782.455824,VS0,VE351',
23 silly registry.get     'keep-alive': 'timeout=10, max=50',
23 silly registry.get     connection: 'Keep-Alive' } ]
24 silly lockFile 0ba22e95-gulp-ruby-scss gulp-ruby-scss@
25 silly lockFile 0ba22e95-gulp-ruby-scss gulp-ruby-scss@
26 error 404 'gulp-ruby-scss' is not in the npm registry.
26 error 404 You should bug the author to publish it
26 error 404 It was specified as a dependency of 'Sudoku.js'
26 error 404
26 error 404 Note that you can also install from a
26 error 404 tarball, folder, or http url, or git url.
27 error System Darwin 13.4.0
28 error command "/usr/local/bin/node" "/usr/local/bin/npm" "install" "--save" "-dev" "gulp-ruby-scss"
29 error cwd /Users/williamjohnson/Desktop/uber/Sudoku.js
30 error node -v v0.10.26
31 error npm -v 1.4.3
32 error code E404
33 verbose exit [ 1, true ]
